Loading the ModusToolbox Technology Packs and Early Access Packs
Finished loading the ModusToolbox Technology Packs and Early Access Packs (1 ms)
Loading the tools information
Finished loading the tools information (26 ms)
Loading the manifest data
Loading super manfiest files from all sources
Getting manifests from remote and/or local sources
Processing system manifest 'https://modustoolbox.infineon.com/manifests/mtb-super-manifest/v2.X/mtb-super-manifest-fv2.xml'
Downloading super manifest file 'https://modustoolbox.infineon.com/manifests/mtb-super-manifest/v2.X/mtb-super-manifest-fv2.xml'
Finished loading super manifest files from all sources
Finished download of file 'https://modustoolbox.infineon.com/manifests/mtb-super-manifest/v2.X/mtb-super-manifest-fv2.xml'
Starting to parse super manifest with URL 'https://modustoolbox.infineon.com/manifests/mtb-super-manifest/v2.X/mtb-super-manifest-fv2.xml'
Finished parsing super manifest with URL 'https://modustoolbox.infineon.com/manifests/mtb-super-manifest/v2.X/mtb-super-manifest-fv2.xml'
Downloading manifest file 'https://github.com/Infineon/mtb-ce-manifest/raw/v2.X/mtb-ce-manifest.xml'
Downloading manifest file 'https://github.com/Infineon/mtb-ce-manifest/raw/v2.X/mtb-ce-manifest-fv2.xml'
Downloading manifest file 'https://github.com/Infineon/mtb-bt-app-manifest/raw/v2.X/mtb-bt-app-manifest.xml'
Downloading manifest file 'https://github.com/Infineon/mtb-bt-app-manifest/raw/v2.X/mtb-bt-app-manifest-fv2.xml'
Downloading manifest file 'https://github.com/Infineon/cce-app-manifest/raw/v2.X/cce-app-manifest-fv2.xml'
Downloading manifest file 'https://github.com/Altia-Marketing/altia-ce-manifest/raw/main/altia-ce-manifest-fv2.xml'
Downloading manifest file 'https://github.com/avnet-iotconnect/avnet-iotc-mtb-ce-manifest/raw/main/avnet-iotc-mtb-ce-manifest-fv2.xml'
Downloading manifest file 'https://github.com/CyberonEBU/cyberon-mtb-ce-manifest/raw/main/cyberon-mtb-ce-manifest-fv2.xml'
Downloading manifest file 'https://github.com/edgeimpulse/edgeimpulse-ce-manifest/raw/main/edgeimpulse-ce-manifest-fv2.xml'
Downloading manifest file 'https://github.com/golioth/mtb-golioth-ce-manifest/raw/main/mtb-golioth-ce-manifest-fv2.xml'
Downloading manifest file 'https://github.com/memfault/mtb-memfault-ce-manifest/raw/main/mtb-memfault-ce-manifest-fv2.xml'
Downloading manifest file 'https://github.com/RutronikSystemSolutions/rutronik-ce-manifest/raw/main/rutronik-ce-manifest-fv2.xml'
Downloading manifest file 'https://github.com/sensiml/sensiml-ce-manifest/raw/main/sensiml-ce-manifest-fv2.xml'
Downloading manifest file 'https://github.com/Infineon/mtb-bsp-manifest/raw/v2.X/mtb-bsp-manifest.xml'
Downloading manifest file 'https://github.com/Infineon/mtb-bsp-manifest/raw/v2.X/mtb-bsp-capabilities-manifest.json'
Downloading manifest file 'https://github.com/Infineon/mtb-bsp-manifest/raw/v2.X/mtb-bsp-manifest-fv2.xml'
Downloading manifest file 'https://github.com/Infineon/mtb-bsp-manifest/raw/v2.X/mtb-bsp-dependencies-manifest.xml'
Downloading manifest file 'https://github.com/Infineon/mtb-bt-bsp-manifest/raw/v2.X/mtb-bt-bsp-manifest.xml'
Downloading manifest file 'https://github.com/Infineon/mtb-bt-bsp-manifest/raw/v2.X/mtb-bt-bsp-manifest-fv2.xml'
Downloading manifest file 'https://github.com/Infineon/mtb-bt-bsp-manifest/raw/v2.X/mtb-bt-bsp-dependencies-manifest.xml'
Downloading manifest file 'https://github.com/Inventek/inventek-bsp-manifest/raw/main/inventek-bsp-manifest-fv2.xml'
Downloading manifest file 'https://github.com/Inventek/inventek-bsp-manifest/raw/main/inventek-bsp-dependencies-manifest.xml'
Downloading manifest file 'https://github.com/RutronikSystemSolutions/rutronik-bsp-manifest/raw/main/rutronik-bsp-manifest-fv2.xml'
Downloading manifest file 'https://github.com/RutronikSystemSolutions/rutronik-bsp-manifest/raw/main/rutronik-bsp-dependencies-manifest.xml'
Downloading manifest file 'https://github.com/Infineon/mtb-mw-manifest/raw/v2.X/mtb-mw-manifest.xml'
Downloading manifest file 'https://github.com/Infineon/mtb-mw-manifest/raw/v2.X/mtb-mw-manifest-fv2.xml'
Downloading manifest file 'https://github.com/Infineon/mtb-mw-manifest/raw/v2.X/mtb-mw-dependencies-manifest.xml'
Downloading manifest file 'https://github.com/Infineon/mtb-bt-mw-manifest/raw/v2.X/mtb-bt-mw-manifest.xml'
Downloading manifest file 'https://github.com/Infineon/mtb-bt-mw-manifest/raw/v2.X/mtb-bt-mw-manifest-fv2.xml'
Downloading manifest file 'https://github.com/Infineon/mtb-bt-mw-manifest/raw/v2.X/mtb-bt-mw-dependencies-manifest.xml'
Downloading manifest file 'https://github.com/Infineon/mtb-wifi-mw-manifest/raw/v2.X/mtb-wifi-mw-manifest.xml'
Downloading manifest file 'https://github.com/Infineon/mtb-wifi-mw-manifest/raw/v2.X/mtb-wifi-mw-manifest-fv2.xml'
Downloading manifest file 'https://github.com/Infineon/mtb-wifi-mw-manifest/raw/v2.X/mtb-wifi-mw-dependencies-manifest.xml'
Downloading manifest file 'https://github.com/avnet-iotconnect/avnet-iotc-mtb-mw-manifest/raw/main/avnet-iotc-mtb-mw-manifest-fv2.xml'
Downloading manifest file 'https://github.com/CyberonEBU/cyberon-mtb-mw-manifest/raw/main/cyberon-mtb-mw-manifest-fv2.xml'
Downloading manifest file 'https://github.com/golioth/mtb-golioth-mw-manifest/raw/main/mtb-golioth-mw-manifest-fv2.xml'
Downloading manifest file 'https://github.com/memfault/mtb-memfault-mw-manifest/raw/main/mtb-memfault-mw-manifest-fv2.xml'
Downloading manifest file 'https://github.com/sensiml/sensiml-mw-manifest/raw/main/sensiml-mw-manifest-fv2.xml'
Finished download of file 'https://github.com/Infineon/mtb-ce-manifest/raw/v2.X/mtb-ce-manifest.xml'
Finished download of file 'https://github.com/Infineon/mtb-ce-manifest/raw/v2.X/mtb-ce-manifest-fv2.xml'
Finished download of file 'https://github.com/Infineon/mtb-bt-app-manifest/raw/v2.X/mtb-bt-app-manifest.xml'
Finished download of file 'https://github.com/Infineon/mtb-bt-app-manifest/raw/v2.X/mtb-bt-app-manifest-fv2.xml'
Finished download of file 'https://github.com/Infineon/cce-app-manifest/raw/v2.X/cce-app-manifest-fv2.xml'
Finished download of file 'https://github.com/Altia-Marketing/altia-ce-manifest/raw/main/altia-ce-manifest-fv2.xml'
Finished download of file 'https://github.com/avnet-iotconnect/avnet-iotc-mtb-ce-manifest/raw/main/avnet-iotc-mtb-ce-manifest-fv2.xml'
Finished download of file 'https://github.com/CyberonEBU/cyberon-mtb-ce-manifest/raw/main/cyberon-mtb-ce-manifest-fv2.xml'
Finished download of file 'https://github.com/edgeimpulse/edgeimpulse-ce-manifest/raw/main/edgeimpulse-ce-manifest-fv2.xml'
Finished download of file 'https://github.com/golioth/mtb-golioth-ce-manifest/raw/main/mtb-golioth-ce-manifest-fv2.xml'
Finished download of file 'https://github.com/memfault/mtb-memfault-ce-manifest/raw/main/mtb-memfault-ce-manifest-fv2.xml'
Finished download of file 'https://github.com/RutronikSystemSolutions/rutronik-ce-manifest/raw/main/rutronik-ce-manifest-fv2.xml'
Finished download of file 'https://github.com/sensiml/sensiml-ce-manifest/raw/main/sensiml-ce-manifest-fv2.xml'
Finished download of file 'https://github.com/Infineon/mtb-bsp-manifest/raw/v2.X/mtb-bsp-manifest.xml'
Finished download of file 'https://github.com/Infineon/mtb-bsp-manifest/raw/v2.X/mtb-bsp-capabilities-manifest.json'
Finished download of file 'https://github.com/Infineon/mtb-bsp-manifest/raw/v2.X/mtb-bsp-manifest-fv2.xml'
Finished download of file 'https://github.com/Infineon/mtb-bsp-manifest/raw/v2.X/mtb-bsp-dependencies-manifest.xml'
Finished download of file 'https://github.com/Infineon/mtb-bt-bsp-manifest/raw/v2.X/mtb-bt-bsp-manifest.xml'
Finished download of file 'https://github.com/Infineon/mtb-bt-bsp-manifest/raw/v2.X/mtb-bt-bsp-manifest-fv2.xml'
Finished download of file 'https://github.com/Infineon/mtb-bt-bsp-manifest/raw/v2.X/mtb-bt-bsp-dependencies-manifest.xml'
Finished download of file 'https://github.com/Inventek/inventek-bsp-manifest/raw/main/inventek-bsp-manifest-fv2.xml'
Finished download of file 'https://github.com/Inventek/inventek-bsp-manifest/raw/main/inventek-bsp-dependencies-manifest.xml'
Finished download of file 'https://github.com/RutronikSystemSolutions/rutronik-bsp-manifest/raw/main/rutronik-bsp-manifest-fv2.xml'
Finished download of file 'https://github.com/RutronikSystemSolutions/rutronik-bsp-manifest/raw/main/rutronik-bsp-dependencies-manifest.xml'
Finished download of file 'https://github.com/Infineon/mtb-mw-manifest/raw/v2.X/mtb-mw-manifest.xml'
Finished download of file 'https://github.com/Infineon/mtb-mw-manifest/raw/v2.X/mtb-mw-manifest-fv2.xml'
Finished download of file 'https://github.com/Infineon/mtb-mw-manifest/raw/v2.X/mtb-mw-dependencies-manifest.xml'
Finished download of file 'https://github.com/Infineon/mtb-bt-mw-manifest/raw/v2.X/mtb-bt-mw-manifest.xml'
Finished download of file 'https://github.com/Infineon/mtb-bt-mw-manifest/raw/v2.X/mtb-bt-mw-manifest-fv2.xml'
Finished download of file 'https://github.com/Infineon/mtb-bt-mw-manifest/raw/v2.X/mtb-bt-mw-dependencies-manifest.xml'
Finished download of file 'https://github.com/Infineon/mtb-wifi-mw-manifest/raw/v2.X/mtb-wifi-mw-manifest.xml'
Finished download of file 'https://github.com/Infineon/mtb-wifi-mw-manifest/raw/v2.X/mtb-wifi-mw-manifest-fv2.xml'
Finished download of file 'https://github.com/Infineon/mtb-wifi-mw-manifest/raw/v2.X/mtb-wifi-mw-dependencies-manifest.xml'
Finished download of file 'https://github.com/avnet-iotconnect/avnet-iotc-mtb-mw-manifest/raw/main/avnet-iotc-mtb-mw-manifest-fv2.xml'
Finished download of file 'https://github.com/CyberonEBU/cyberon-mtb-mw-manifest/raw/main/cyberon-mtb-mw-manifest-fv2.xml'
Finished download of file 'https://github.com/golioth/mtb-golioth-mw-manifest/raw/main/mtb-golioth-mw-manifest-fv2.xml'
Finished download of file 'https://github.com/memfault/mtb-memfault-mw-manifest/raw/main/mtb-memfault-mw-manifest-fv2.xml'
Finished download of file 'https://github.com/sensiml/sensiml-mw-manifest/raw/main/sensiml-mw-manifest-fv2.xml'
Finished loading the manifest data (1452 ms)
0 error(s), 0 warning(s)

Summary: 

BSP: CY8CKIT-062-WIFI-BT
Template Application(s): Ramping LED using Smart IO
Application(s) Root Path: C:/PXL/Digitale_Communicatie_PXL_2025/SmartIO

Press "Create" to create the selected application(s).

Collecting application data...

Info: The following entered on the command line will create the exact same project as that created with the GUI tool:
C:/Users/seppe/ModusToolbox/tools_3.2/project-creator/project-creator-cli.exe --board-id CY8CKIT-062-WIFI-BT --board-uri https://github.com/cypresssemiconductorco/TARGET_CY8CKIT-062-WIFI-BT --board-commit latest-v4.X --app-id mtb-example-smartio-ramping-led --app-uri https://github.com/Infineon/mtb-example-smartio-ramping-led --app-commit latest-v3.X --target-dir C:/PXL/Digitale_Communicatie_PXL_2025/SmartIO --user-app-name smartIO_Manchester --use-modus-shell

Starting application creation for 'C:/PXL/Digitale_Communicatie_PXL_2025/SmartIO/smartIO_Manchester'.
Acquiring the application source 'https://github.com/Infineon/mtb-example-smartio-ramping-led'.
Acquired application source successfully.
Loading the application.
Loaded the application successfully.
Processing project 'smartIO_Manchester'.
Starting to commit changes to the filesystem and project 'mtb-example-smartio-ramping-led'.
Writing mtb file for asset 'CY8CKIT-062-WIFI-BT' to the folder 'C:/PXL/Digitale_Communicatie_PXL_2025/SmartIO/smartIO_Manchester/deps'.
Writing mtb file for asset 'cat1cm0p' to the folder 'C:/PXL/Digitale_Communicatie_PXL_2025/SmartIO/smartIO_Manchester/libs'.
Writing mtb file for asset 'core-lib' to the folder 'C:/PXL/Digitale_Communicatie_PXL_2025/SmartIO/smartIO_Manchester/libs'.
Writing mtb file for asset 'core-make' to the folder 'C:/PXL/Digitale_Communicatie_PXL_2025/SmartIO/smartIO_Manchester/libs'.
Writing mtb file for asset 'mtb-hal-cat1' to the folder 'C:/PXL/Digitale_Communicatie_PXL_2025/SmartIO/smartIO_Manchester/libs'.
Writing mtb file for asset 'mtb-pdl-cat1' to the folder 'C:/PXL/Digitale_Communicatie_PXL_2025/SmartIO/smartIO_Manchester/libs'.
Writing mtb file for asset 'recipe-make-cat1a' to the folder 'C:/PXL/Digitale_Communicatie_PXL_2025/SmartIO/smartIO_Manchester/libs'.
Writing mtb file for asset 'udb-sdio-whd' to the folder 'C:/PXL/Digitale_Communicatie_PXL_2025/SmartIO/smartIO_Manchester/libs'.
Writing mtb file for asset 'cmsis' to the folder 'C:/PXL/Digitale_Communicatie_PXL_2025/SmartIO/smartIO_Manchester/libs'.
Writing mtb file for asset 'device-db' to the folder 'C:/PXL/Digitale_Communicatie_PXL_2025/SmartIO/smartIO_Manchester/libs'.
Writing mtb file for asset 'retarget-io' to the folder 'C:/PXL/Digitale_Communicatie_PXL_2025/SmartIO/smartIO_Manchester/deps'.
Starting: git -C C:/PXL/Digitale_Communicatie_PXL_2025/SmartIO/smartIO_Manchester/libs clone --origin cypress --no-checkout --filter=blob:none https://github.com/cypresssemiconductorco/TARGET_CY8CKIT-062-WIFI-BT TARGET_CY8CKIT-062-WIFI-BT
Starting: git -C C:/PXL/Digitale_Communicatie_PXL_2025/SmartIO/mtb_shared/retarget-io clone --origin cypress --no-checkout --filter=blob:none https://github.com/cypresssemiconductorco/retarget-io release-v1.6.0
Starting: git -C C:/PXL/Digitale_Communicatie_PXL_2025/SmartIO/mtb_shared/cat1cm0p clone --origin cypress --no-checkout --filter=blob:none https://github.com/Infineon/cat1cm0p release-v1.7.0
Starting: git -C C:/PXL/Digitale_Communicatie_PXL_2025/SmartIO/mtb_shared/core-lib clone --origin cypress --no-checkout --filter=blob:none https://github.com/cypresssemiconductorco/core-lib release-v1.4.2
Cloning into 'TARGET_CY8CKIT-062-WIFI-BT'...
Cloning into 'release-v1.6.0'...
Cloning into 'release-v1.7.0'...
Cloning into 'release-v1.4.2'...
Success: git -C C:/PXL/Digitale_Communicatie_PXL_2025/SmartIO/mtb_shared/cat1cm0p clone --origin cypress --no-checkout --filter=blob:none https://github.com/Infineon/cat1cm0p release-v1.7.0
Starting: git -C C:/PXL/Digitale_Communicatie_PXL_2025/SmartIO/mtb_shared/core-make clone --origin cypress --no-checkout --filter=blob:none https://github.com/cypresssemiconductorco/core-make release-v3.4.0
Success: git -C C:/PXL/Digitale_Communicatie_PXL_2025/SmartIO/smartIO_Manchester/libs clone --origin cypress --no-checkout --filter=blob:none https://github.com/cypresssemiconductorco/TARGET_CY8CKIT-062-WIFI-BT TARGET_CY8CKIT-062-WIFI-BT
Starting: git -C C:/PXL/Digitale_Communicatie_PXL_2025/SmartIO/mtb_shared/mtb-hal-cat1 clone --origin cypress --no-checkout --filter=blob:none https://github.com/cypresssemiconductorco/mtb-hal-cat1 release-v2.6.1
Success: git -C C:/PXL/Digitale_Communicatie_PXL_2025/SmartIO/mtb_shared/core-lib clone --origin cypress --no-checkout --filter=blob:none https://github.com/cypresssemiconductorco/core-lib release-v1.4.2
Starting: git -C C:/PXL/Digitale_Communicatie_PXL_2025/SmartIO/mtb_shared/mtb-pdl-cat1 clone --origin cypress --no-checkout --filter=blob:none https://github.com/cypresssemiconductorco/mtb-pdl-cat1 release-v3.12.0
Success: git -C C:/PXL/Digitale_Communicatie_PXL_2025/SmartIO/mtb_shared/retarget-io clone --origin cypress --no-checkout --filter=blob:none https://github.com/cypresssemiconductorco/retarget-io release-v1.6.0
Starting: git -C C:/PXL/Digitale_Communicatie_PXL_2025/SmartIO/mtb_shared/recipe-make-cat1a clone --origin cypress --no-checkout --filter=blob:none https://github.com/cypresssemiconductorco/recipe-make-cat1a release-v2.3.0
Cloning into 'release-v3.4.0'...
Cloning into 'release-v2.6.1'...
Cloning into 'release-v3.12.0'...
Cloning into 'release-v2.3.0'...
Success: git -C C:/PXL/Digitale_Communicatie_PXL_2025/SmartIO/mtb_shared/recipe-make-cat1a clone --origin cypress --no-checkout --filter=blob:none https://github.com/cypresssemiconductorco/recipe-make-cat1a release-v2.3.0
Starting: git -C C:/PXL/Digitale_Communicatie_PXL_2025/SmartIO/mtb_shared/udb-sdio-whd clone --origin cypress --no-checkout --filter=blob:none https://github.com/cypresssemiconductorco/udb-sdio-whd release-v1.2.1
Success: git -C C:/PXL/Digitale_Communicatie_PXL_2025/SmartIO/mtb_shared/mtb-hal-cat1 clone --origin cypress --no-checkout --filter=blob:none https://github.com/cypresssemiconductorco/mtb-hal-cat1 release-v2.6.1
Starting: git -C C:/PXL/Digitale_Communicatie_PXL_2025/SmartIO/mtb_shared/cmsis clone --origin cypress --no-checkout --filter=blob:none https://github.com/Infineon/cmsis release-v5.8.1
Success: git -C C:/PXL/Digitale_Communicatie_PXL_2025/SmartIO/mtb_shared/core-make clone --origin cypress --no-checkout --filter=blob:none https://github.com/cypresssemiconductorco/core-make release-v3.4.0
Starting: git -C C:/Users/seppe/.modustoolbox/global/device-db clone --origin cypress --no-checkout --filter=blob:none https://github.com/Infineon/device-db release-v4.18.0
Cloning into 'release-v1.2.1'...
Cloning into 'release-v5.8.1'...
Cloning into 'release-v4.18.0'...
Success: git -C C:/PXL/Digitale_Communicatie_PXL_2025/SmartIO/mtb_shared/mtb-pdl-cat1 clone --origin cypress --no-checkout --filter=blob:none https://github.com/cypresssemiconductorco/mtb-pdl-cat1 release-v3.12.0
Starting: git -C C:/PXL/Digitale_Communicatie_PXL_2025/SmartIO/mtb_shared/cat1cm0p/release-v1.7.0 -c advice.detachedHead=false checkout release-v1.7.0 --force
Success: git -C C:/PXL/Digitale_Communicatie_PXL_2025/SmartIO/mtb_shared/cmsis clone --origin cypress --no-checkout --filter=blob:none https://github.com/Infineon/cmsis release-v5.8.1
Starting: git -C C:/PXL/Digitale_Communicatie_PXL_2025/SmartIO/smartIO_Manchester/libs/TARGET_CY8CKIT-062-WIFI-BT -c advice.detachedHead=false checkout release-v4.3.2 --force
Success: git -C C:/PXL/Digitale_Communicatie_PXL_2025/SmartIO/mtb_shared/udb-sdio-whd clone --origin cypress --no-checkout --filter=blob:none https://github.com/cypresssemiconductorco/udb-sdio-whd release-v1.2.1
Starting: git -C C:/PXL/Digitale_Communicatie_PXL_2025/SmartIO/mtb_shared/core-lib/release-v1.4.2 -c advice.detachedHead=false checkout release-v1.4.2 --force
Success: git -C C:/Users/seppe/.modustoolbox/global/device-db clone --origin cypress --no-checkout --filter=blob:none https://github.com/Infineon/device-db release-v4.18.0
Starting: git -C C:/PXL/Digitale_Communicatie_PXL_2025/SmartIO/mtb_shared/retarget-io/release-v1.6.0 -c advice.detachedHead=false checkout release-v1.6.0 --force
HEAD is now at ff914ca Upload cat1cm0p 1.7.0.499 [2752]
Success: git -C C:/PXL/Digitale_Communicatie_PXL_2025/SmartIO/mtb_shared/cat1cm0p/release-v1.7.0 -c advice.detachedHead=false checkout release-v1.7.0 --force
Starting: git -C C:/PXL/Digitale_Communicatie_PXL_2025/SmartIO/mtb_shared/recipe-make-cat1a/release-v2.3.0 -c advice.detachedHead=false checkout release-v2.3.0 --force
HEAD is now at 33bd0e3 Upload retarget-io [2708]
Success: git -C C:/PXL/Digitale_Communicatie_PXL_2025/SmartIO/mtb_shared/retarget-io/release-v1.6.0 -c advice.detachedHead=false checkout release-v1.6.0 --force
Starting: git -C C:/PXL/Digitale_Communicatie_PXL_2025/SmartIO/mtb_shared/mtb-hal-cat1/release-v2.6.1 -c advice.detachedHead=false checkout release-v2.6.1 --force
HEAD is now at e28913a Upload core-lib [2455]
Success: git -C C:/PXL/Digitale_Communicatie_PXL_2025/SmartIO/mtb_shared/core-lib/release-v1.4.2 -c advice.detachedHead=false checkout release-v1.4.2 --force
Starting: git -C C:/PXL/Digitale_Communicatie_PXL_2025/SmartIO/mtb_shared/core-make/release-v3.4.0 -c advice.detachedHead=false checkout release-v3.4.0 --force
HEAD is now at 73ba579 Upload TARGET_CY8CKIT-062-WIFI-BT [2752]
Success: git -C C:/PXL/Digitale_Communicatie_PXL_2025/SmartIO/smartIO_Manchester/libs/TARGET_CY8CKIT-062-WIFI-BT -c advice.detachedHead=false checkout release-v4.3.2 --force
Starting: git -C C:/PXL/Digitale_Communicatie_PXL_2025/SmartIO/mtb_shared/mtb-pdl-cat1/release-v3.12.0 -c advice.detachedHead=false checkout release-v3.12.0 --force
HEAD is now at 8c42cd5 Upload recipe-make-cat1a 2.3.0.6018 [2812]
Success: git -C C:/PXL/Digitale_Communicatie_PXL_2025/SmartIO/mtb_shared/recipe-make-cat1a/release-v2.3.0 -c advice.detachedHead=false checkout release-v2.3.0 --force
Starting: git -C C:/PXL/Digitale_Communicatie_PXL_2025/SmartIO/mtb_shared/cmsis/release-v5.8.1 -c advice.detachedHead=false checkout release-v5.8.1 --force
HEAD is now at b8f23cc Upload core-make 3.4.0.6035 [2812]
Success: git -C C:/PXL/Digitale_Communicatie_PXL_2025/SmartIO/mtb_shared/core-make/release-v3.4.0 -c advice.detachedHead=false checkout release-v3.4.0 --force
Starting: git -C C:/PXL/Digitale_Communicatie_PXL_2025/SmartIO/mtb_shared/udb-sdio-whd/release-v1.2.1 -c advice.detachedHead=false checkout release-v1.2.1 --force
HEAD is now at 9ecf7fb Upload udb-sdio-whd [990]
Success: git -C C:/PXL/Digitale_Communicatie_PXL_2025/SmartIO/mtb_shared/udb-sdio-whd/release-v1.2.1 -c advice.detachedHead=false checkout release-v1.2.1 --force
Starting: git -C C:/Users/seppe/.modustoolbox/global/device-db/release-v4.18.0 -c advice.detachedHead=false checkout release-v4.18.0 --force
HEAD is now at 7d17679 Upload cmsis 5.8.1.114 [2752]
Success: git -C C:/PXL/Digitale_Communicatie_PXL_2025/SmartIO/mtb_shared/cmsis/release-v5.8.1 -c advice.detachedHead=false checkout release-v5.8.1 --force
HEAD is now at 56ee340 Upload mtb-hal-cat1 [2593]
Success: git -C C:/PXL/Digitale_Communicatie_PXL_2025/SmartIO/mtb_shared/mtb-hal-cat1/release-v2.6.1 -c advice.detachedHead=false checkout release-v2.6.1 --force
HEAD is now at 07182a6f Upload device-db 4.18.0.7028 [2794]
Success: git -C C:/Users/seppe/.modustoolbox/global/device-db/release-v4.18.0 -c advice.detachedHead=false checkout release-v4.18.0 --force
HEAD is now at cd8d37e Upload mtb-pdl-cat1 3.12.0.36524 [2752]
Success: git -C C:/PXL/Digitale_Communicatie_PXL_2025/SmartIO/mtb_shared/mtb-pdl-cat1/release-v3.12.0 -c advice.detachedHead=false checkout release-v3.12.0 --force
Copying template files from C:/PXL/Digitale_Communicatie_PXL_2025/SmartIO/smartIO_Manchester/templates/TARGET_CY8CKIT-062-WIFI-BT to C:/PXL/Digitale_Communicatie_PXL_2025/SmartIO/smartIO_Manchester/bsps/TARGET_APP_CY8CKIT-062-WIFI-BT
Requested to change the active target to 'APP_CY8CKIT-062-WIFI-BT'.
Removed the file 'C:/PXL/Digitale_Communicatie_PXL_2025/SmartIO/smartIO_Manchester/deps/TARGET_CY8CKIT-062-WIFI-BT.mtb'.
Writing the file 'C:/PXL/Digitale_Communicatie_PXL_2025/SmartIO/smartIO_Manchester/libs/app.mk'.
Successfully committed changes to the project 'mtb-example-smartio-ramping-led'.
Project "smartIO_Manchester" created successfully.
Successfully created "smartIO_Manchester" application.
==============================================================================
= Export "smartIO_Manchester" application to Eclipse IDE for ModusToolbox™ =
==============================================================================
make eclipse CY_IDE_PRJNAME=smartIO_Manchester CY_MAKE_IDE=eclipse CY_MAKE_IDE_VERSION=3.2 CY_TOOLS_PATHS=C:/Users/seppe/ModusToolbox/tools_3.2 MTB_MAKE_ECLIPSE_FORCE_REGENERATE_PROJECT=1
Tools Directory: C:/Users/seppe/ModusToolbox/tools_3.2
Searching installed tools in progress...
Searching installed tools complete
Initializing build: mtb-example-smartio-ramping-led Debug APP_CY8CKIT-062-WIFI-BT GCC_ARM
Prebuild operations complete
Auto-discovery in progress...
Auto-discovery complete
Commencing build operations...
Tools Directory: C:/Users/seppe/ModusToolbox/tools_3.2
Constructing build rules...
Build rules construction complete
==============================================================================
= Building application =
==============================================================================
Generating compilation database file...
-> ./build/compile_commands.json
Compilation database file generation complete
Generated C:/PXL/Digitale_Communicatie_PXL_2025/SmartIO/smartIO_Manchester/.cproject
Generated C:/PXL/Digitale_Communicatie_PXL_2025/SmartIO/smartIO_Manchester/.project
Generated C:/PXL/Digitale_Communicatie_PXL_2025/SmartIO/smartIO_Manchester/.mtbLaunchConfigs/smartIO_Manchester Attach (KitProg3_MiniProg4).launch
Generated C:/PXL/Digitale_Communicatie_PXL_2025/SmartIO/smartIO_Manchester/.mtbLaunchConfigs/smartIO_Manchester Debug (KitProg3_MiniProg4).launch
Generated C:/PXL/Digitale_Communicatie_PXL_2025/SmartIO/smartIO_Manchester/.mtbLaunchConfigs/smartIO_Manchester Erase (KitProg3_MiniProg4).launch
Generated C:/PXL/Digitale_Communicatie_PXL_2025/SmartIO/smartIO_Manchester/.mtbLaunchConfigs/smartIO_Manchester Program (KitProg3_MiniProg4).launch
Instructions:
1. Open Eclipse IDE for ModusToolbox
2. Select 'Import Existing Application In-Place' from the QuickPanel
3. Browse to the application root directory
Toolchain validation: PASS
The application "smartIO_Manchester" was successfully exported to Eclipse IDE for ModusToolbox™.
0 error(s), 0 warning(s)

Summary:

Successfully created and exported "smartIO_Manchester" application.
